--------------------------------------------------------------------------------
Release 14.7 Trace  (nt64)
Copyright (c) 1995-2013 Xilinx, Inc.  All rights reserved.

C:\Xilinx\14.7\ISE_DS\ISE\bin\nt64\unwrapped\trce.exe -intstyle ise -v 3 -s 3
-n 3 -fastpaths -xml Usr_interaction.twx Usr_interaction.ncd -o
Usr_interaction.twr Usr_interaction.pcf -ucf Usr_interaction.ucf

Design file:              Usr_interaction.ncd
Physical constraint file: Usr_interaction.pcf
Device,package,speed:     xc6slx16,csg324,C,-3 (PRODUCTION 1.23 2013-10-13)
Report level:             verbose report

Environment Variable      Effect 
--------------------      ------ 
NONE                      No environment variables were set
--------------------------------------------------------------------------------

INFO:Timing:2698 - No timing constraints found, doing default enumeration.
INFO:Timing:3412 - To improve timing, see the Timing Closure User Guide (UG612).
INFO:Timing:2752 - To get complete path coverage, use the unconstrained paths 
   option. All paths that are not constrained will be reported in the 
   unconstrained paths section(s) of the report.
INFO:Timing:3339 - The clock-to-out numbers in this timing report are based on 
   a 50 Ohm transmission line loading model.  For the details of this model, 
   and for more information on accounting for different loading conditions, 
   please see the device datasheet.



Data Sheet report:
-----------------
All values displayed in nanoseconds (ns)

Setup/Hold to clock Clk_in
----------------+------------+------------+------------+------------+------------------+--------+
                |Max Setup to|  Process   |Max Hold to |  Process   |                  | Clock  |
Source          | clk (edge) |   Corner   | clk (edge) |   Corner   |Internal Clock(s) | Phase  |
----------------+------------+------------+------------+------------+------------------+--------+
Drcd_in         |    1.317(R)|      SLOW  |   -0.783(R)|      SLOW  |Clk_in_BUFGP      |   0.000|
Nrcd_in         |    1.680(R)|      SLOW  |   -1.007(R)|      FAST  |Clk_in_BUFGP      |   0.000|
Qrcd_in         |    1.602(R)|      SLOW  |   -0.998(R)|      FAST  |Clk_in_BUFGP      |   0.000|
Reset_n_in      |    4.497(R)|      SLOW  |   -0.933(R)|      SLOW  |Clk_in_BUFGP      |   0.000|
Soda_price_in<0>|    4.408(R)|      SLOW  |   -1.134(R)|      FAST  |Clk_in_BUFGP      |   0.000|
Soda_price_in<1>|    3.912(R)|      SLOW  |   -0.751(R)|      SLOW  |Clk_in_BUFGP      |   0.000|
Soda_price_in<2>|    4.151(R)|      SLOW  |   -0.680(R)|      SLOW  |Clk_in_BUFGP      |   0.000|
Soda_price_in<3>|    4.116(R)|      SLOW  |   -0.893(R)|      FAST  |Clk_in_BUFGP      |   0.000|
Soda_req_in     |    3.655(R)|      SLOW  |   -1.386(R)|      FAST  |Clk_in_BUFGP      |   0.000|
----------------+------------+------------+------------+------------+------------------+--------+

Clock Clk_in to Pad
--------------+-----------------+------------+-----------------+------------+------------------+--------+
              |Max (slowest) clk|  Process   |Min (fastest) clk|  Process   |                  | Clock  |
Destination   |  (edge) to PAD  |   Corner   |  (edge) to PAD  |   Corner   |Internal Clock(s) | Phase  |
--------------+-----------------+------------+-----------------+------------+------------------+--------+
Amt_error     |         8.462(R)|      SLOW  |         4.548(R)|      FAST  |Clk_in_BUFGP      |   0.000|
CAn_out       |         7.962(R)|      SLOW  |         4.201(R)|      FAST  |Clk_in_BUFGP      |   0.000|
CBn_out       |         7.746(R)|      SLOW  |         4.066(R)|      FAST  |Clk_in_BUFGP      |   0.000|
CCn_out       |         8.322(R)|      SLOW  |         4.417(R)|      FAST  |Clk_in_BUFGP      |   0.000|
CDn_out       |         7.815(R)|      SLOW  |         4.107(R)|      FAST  |Clk_in_BUFGP      |   0.000|
CEn_out       |         8.177(R)|      SLOW  |         4.309(R)|      FAST  |Clk_in_BUFGP      |   0.000|
CFn_out       |         7.980(R)|      SLOW  |         4.203(R)|      FAST  |Clk_in_BUFGP      |   0.000|
CGn_out       |         8.256(R)|      SLOW  |         4.393(R)|      FAST  |Clk_in_BUFGP      |   0.000|
Drop_soda_out |         8.440(R)|      SLOW  |         4.590(R)|      FAST  |Clk_in_BUFGP      |   0.000|
hund_anode_out|         6.781(R)|      SLOW  |         3.440(R)|      FAST  |Clk_in_BUFGP      |   0.000|
ones_anode_out|         6.543(R)|      SLOW  |         3.299(R)|      FAST  |Clk_in_BUFGP      |   0.000|
tens_anode_out|         6.866(R)|      SLOW  |         3.494(R)|      FAST  |Clk_in_BUFGP      |   0.000|
--------------+-----------------+------------+-----------------+------------+------------------+--------+

Clock to Setup on destination clock Clk_in
---------------+---------+---------+---------+---------+
               | Src:Rise| Src:Fall| Src:Rise| Src:Fall|
Source Clock   |Dest:Rise|Dest:Rise|Dest:Fall|Dest:Fall|
---------------+---------+---------+---------+---------+
Clk_in         |    6.234|         |         |         |
---------------+---------+---------+---------+---------+

Pad to Pad
---------------+---------------+---------+
Source Pad     |Destination Pad|  Delay  |
---------------+---------------+---------+
Drcd_in        |Drcd_out       |    9.842|
Nrcd_in        |Nrcd_out       |   10.181|
Qrcd_in        |Qrcd_out       |   10.568|
---------------+---------------+---------+


Analysis completed Sat Oct 31 16:18:24 2015 
--------------------------------------------------------------------------------

Trace Settings:
-------------------------
Trace Settings 

Peak Memory Usage: 219 MB



