#-----------------------------------------------------------
# PlanAhead v14.7 (64-bit)
# Build 321239 by xbuild on Fri Sep 27 19:29:51 MDT 2013
# Start of session at: Thu Oct 22 10:58:55 2015
# Process ID: 41440
# Log file: D:/DSDII/Lab04/Lab04/planAhead_run_4/planAhead.log
# Journal file: D:/DSDII/Lab04/Lab04/planAhead_run_4/planAhead.jou
#-----------------------------------------------------------
INFO: [Common 17-78] Attempting to get a license: PlanAhead
INFO: [Common 17-290] Got license for PlanAhead
INFO: [Device 21-36] Loading parts and site information from C:/Xilinx/14.7/ISE_DS/PlanAhead/data/parts/arch.xml
Parsing RTL primitives file [C:/Xilinx/14.7/ISE_DS/PlanAhead/data/parts/xilinx/rtl/prims/rtl_prims.xml]
Finished parsing RTL primitives file [C:/Xilinx/14.7/ISE_DS/PlanAhead/data/parts/xilinx/rtl/prims/rtl_prims.xml]
start_gui
INFO: [Common 17-81] Feature available: PartialReconfiguration
source D:/DSDII/Lab04/Lab04/pa.fromNetlist.tcl
# create_project -name Lab04 -dir "D:/DSDII/Lab04/Lab04/planAhead_run_4" -part xc6slx16csg324-3
# set_property design_mode GateLvl [get_property srcset [current_run -impl]]
# set_property edif_top_file "D:/DSDII/Lab04/Lab04/Usr_interaction.ngc" [ get_property srcset [ current_run ] ]
# add_files -norecurse { {D:/DSDII/Lab04/Lab04} }
# set_property target_constrs_file "Usr_interaction.ucf" [current_fileset -constrset]
Adding file 'D:/DSDII/Lab04/Lab04/Usr_interaction.ucf' to fileset 'constrs_1'
# add_files [list {Usr_interaction.ucf}] -fileset [get_property constrset [current_run]]
# link_design
Design is defaulting to srcset: sources_1
Design is defaulting to constrset: constrs_1
Design is defaulting to project part: xc6slx16csg324-3
Release 14.7 - ngc2edif P.20131013 (nt64)
Copyright (c) 1995-2013 Xilinx, Inc.  All rights reserved.
Reading design Usr_interaction.ngc ...
WARNING:NetListWriters:298 - No output is written to Usr_interaction.xncf,
   ignored.
Processing design ...
   Preping design's networks ...
   Preping design's macros ...
  finished :Prep
Writing EDIF netlist file Usr_interaction.edif ...
ngc2edif: Total memory usage is 79344 kilobytes

Parsing EDIF File [./planAhead_run_4/Lab04.data/cache/Usr_interaction_ngc_zx.edif]
Finished Parsing EDIF File [./planAhead_run_4/Lab04.data/cache/Usr_interaction_ngc_zx.edif]
INFO: [Netlist 29-17] Analyzing 1 Unisim elements for replacement
INFO: [Netlist 29-28] Unisim Transformation completed in 0 CPU seconds
Loading clock regions from C:/Xilinx/14.7/ISE_DS/PlanAhead/data\parts/xilinx/spartan6/spartan6lx/xc6slx16/ClockRegion.xml
Loading clock buffers from C:/Xilinx/14.7/ISE_DS/PlanAhead/data\parts/xilinx/spartan6/spartan6lx/xc6slx16/ClockBuffers.xml
Loading package pin functions from C:/Xilinx/14.7/ISE_DS/PlanAhead/data\parts/xilinx/spartan6/PinFunctions.xml...
Loading package from C:/Xilinx/14.7/ISE_DS/PlanAhead/data\parts/xilinx/spartan6/spartan6lx/xc6slx16/csg324/Package.xml
Loading io standards from C:/Xilinx/14.7/ISE_DS/PlanAhead/data\./parts/xilinx/spartan6/IOStandards.xml
Loading device configuration modes from C:/Xilinx/14.7/ISE_DS/PlanAhead/data\parts/xilinx/spartan6/ConfigModes.xml
Loading list of drcs for the architecture : C:/Xilinx/14.7/ISE_DS/PlanAhead/data\./parts/xilinx/spartan6/drc.xml
Parsing UCF File [D:/DSDII/Lab04/Lab04/Usr_interaction.ucf]
Finished Parsing UCF File [D:/DSDII/Lab04/Lab04/Usr_interaction.ucf]
INFO: [Project 1-111] Unisim Transformation Summary:
  A total of 1 instances were transformed.
  BUFGP => BUFGP (IBUF, BUFG): 1 instances

Phase 0 | Netlist Checksum: c13f6c00
link_design: Time (s): elapsed = 00:00:10 . Memory (MB): peak = 627.340 ; gain = 190.773
set_property package_pin "" [get_ports [list  Qrcd_in]]
startgroup
set_property package_pin D9 [get_ports Nrcd_in]
endgroup
startgroup
set_property package_pin C4 [get_ports Qrcd_in]
endgroup
save_constraints
save_constraints: Time (s): elapsed = 00:00:06 . Memory (MB): peak = 663.445 ; gain = 0.000
exit
ERROR: [PlanAhead 12-106] *** Exception: ui.h.b: Found deleted key in HTclEventBroker. Verify if the classes listed here call cleanup()
HTclEvent: DEBUG_PORT_CONFIG_CHANGE   Classes: ui.views.aR 
HTclEvent: DEBUG_CORE_CONFIG_CHANGE   Classes: ui.views.aR 
HTclEvent: SIGNAL_BUS_MODIFY   Classes: ui.views.aR 
HTclEvent: SIGNAL_MODIFY   Classes: ui.views.aR 
 (See D:/DSDII/Lab04/Lab04\planAhead_pid41440.debug)
ERROR: [Common 17-39] 'stop_gui' failed due to earlier errors.
INFO: [Common 17-206] Exiting PlanAhead at Thu Oct 22 11:00:55 2015...
INFO: [Common 17-83] Releasing license: PlanAhead
